Arguments: 
  C:\Program Files\nodejs\node.exe C:\Program Files\nodejs\node_modules\yarn\bin\yarn.js install

PATH: 
  C:\Windows\system32;C:\Windows;C:\Windows\System32\Wbem;C:\Windows\System32\WindowsPowerShell\v1.0\;C:\Windows\System32\OpenSSH\;C:\Program Files (x86)\NVIDIA Corporation\PhysX\Common;C:\Program Files\NVIDIA Corporation\NVIDIA NvDLISR;C:\WINDOWS\system32;C:\WINDOWS;C:\WINDOWS\System32\Wbem;C:\WINDOWS\System32\WindowsPowerShell\v1.0\;C:\WINDOWS\System32\OpenSSH\;C:\ProgramData\chocolatey\bin;C:\ProgramData\nvm;C:\Program Files\nodejs;C:\Program Files\Git\cmd;C:\Program Files\PostgreSQL\14\bin;C:\Program Files\OpenJDK\openjdk-11.0.16_8\bin;C:\Program Files\PuTTY\;C:\Users\ADMIN\AppData\Local\Microsoft\WindowsApps;C:\Users\ADMIN\AppData\Local\Programs\Microsoft VS Code\bin;C:\ProgramData\nvm;C:\Program Files\nodejs;C:\Users\ADMIN\AppData\Local\Android\Sdk\platform-tools;

Yarn version: 
  1.22.19

Node version: 
  14.20.0

Platform: 
  win32 x64

Trace: 
  Error: EPERM: operation not permitted, unlink 'D:\BOOTCAMP\fe-bapokting\node_modules\node-sass\vendor\win32-x64-83\binding.node'

npm manifest: 
  {
    "name": "nextjs-argon-dashboard",
    "version": "1.1.0",
    "author": "Creative Tim",
    "license": "MIT",
    "homepage": "https://demos.creative-tim.com/nextjs-argon-dashboard/",
    "description": "NextJS version of Argon Dashboard React by Creative Tim",
    "bugs": {
      "url": "https://github.com/creativetimofficial/nextjs-argon-dashboard/issues"
    },
    "repository": {
      "type": "git",
      "url": "git+https://github.com/creativetimofficial/nextjs-argon-dashboard.git"
    },
    "scripts": {
      "start": "next start",
      "build": "next build",
      "install:clean": "rm -rf node_modules/ && rm -rf package-lock.json && rm -rf .next/ && rm -rf out/ && npm install && npm run dev",
      "compile:scss": "node-sass --importer node_modules/node-sass-package-importer/dist/cli.js assets/scss/nextjs-argon-dashboard.scss assets/css/nextjs-argon-dashboard.css",
      "minify:scss": "node-sass --importer node_modules/node-sass-package-importer/dist/cli.js assets/scss/nextjs-argon-dashboard.scss assets/css/nextjs-argon-dashboard.min.css --output-style compressed",
      "map:scss": "node-sass --importer node_modules/node-sass-package-importer/dist/cli.js assets/scss/nextjs-argon-dashboard.scss assets/css/nextjs-argon-dashboard.css --source-map true",
      "build:scss": "npm run compile:scss && npm run minify:scss && npm run map:scss",
      "dev": "next dev"
    },
    "dependencies": {
      "@fortawesome/fontawesome-free": "5.15.2",
      "@material-ui/core": "^4.12.4",
      "@zeit/next-css": "1.0.1",
      "@zeit/next-sass": "1.0.1",
      "axios": "^1.2.2",
      "bootstrap": "4.6.0",
      "chart.js": "2.9.4",
      "classnames": "2.2.6",
      "cookie": "^0.5.0",
      "cookies": "^0.8.0",
      "dotenv": "^16.0.3",
      "js-cookie": "^3.0.1",
      "moment": "2.29.1",
      "next": "10.0.6",
      "next-compose-plugins": "2.2.1",
      "next-cookies": "^2.0.3",
      "next-fonts": "1.4.0",
      "next-images": "1.3.1",
      "node-sass": "4.14.1",
      "node-sass-package-importer": "5.3.2",
      "nouislider": "14.6.3",
      "path": "0.12.7",
      "qs": "^6.11.0",
      "react": "17.0.1",
      "react-chartjs-2": "2.11.1",
      "react-copy-to-clipboard": "5.0.3",
      "react-datetime": "3.0.4",
      "react-dom": "17.0.1",
      "react-select": "^5.7.0",
      "reactstrap": "8.9.0",
      "sweetalert2": "^11.6.16",
      "webpack": "4.44.1"
    }
  }

yarn manifest: 
  No manifest

Lockfile: 
  No lockfile
